[PROGRAMA]
[ID]
[INICIO]
[COMENT]
[INTEIRO]
[ID]
[VIRGULA]
[ID]
[VIRGULA]
[ID]
[VIRGULA]
[ID]
[LISTA_INT]
[ID]
[COMENT]
[COMENT]
[ESCREVA]
[LITERAL]
[LEIA]
[ID]
[ID]
[ATRIB]
[NUMERO_INT]
[ENQUANTO]
[ID]
[MENOR_OU_IGUAL]
[ID]
[LEIA]
[ID]
[ABRE_COL]
[ID]
[FECHA_COL]
[ID]
[ATRIB]
[ID]
[SOMA]
[NUMERO_INT]
[FIM_ENQUANTO]
[COMENT]
[ESCREVA]
[LITERAL]
[ID]
[ATRIB]
[NUMERO_INT]
[ENQUANTO]
[ID]
[MENOR_OU_IGUAL]
[ID]
[ESCREVA]
[ID]
[ABRE_COL]
[ID]
[FECHA_COL]
[VIRGULA]
[LITERAL]
[ID]
[ATRIB]
[ID]
[SOMA]
[NUMERO_INT]
[FIM_ENQUANTO]
[FIM]
